<?xml version="1.0"?>
<testsuites>
  <testsuite name="PhantomJS 1.9 (Mac)" package="undefined" timestamp="2013-09-16T06:21:58" id="0" hostname="sandrock" tests="7" errors="0" failures="7" time="0.014">
    <properties>
      <property name="browser.fullName" value="Mozilla/5.0 (Macintosh; Intel Mac OS X) AppleWebKit/534.34 (KHTML, like Gecko) PhantomJS/1.9.1 Safari/534.34"/>
    </properties>
    <testcase name="should attach a list of awesomeThings to the scope" time="0.01" classname="PhantomJS 1.9 (Mac).Controller: DashboardProjectsCtrl">
      <failure type="">Error: No module: tokenauth
    at /Users/jiar/git/tps/yo/app/bower_components/angular/angular.js:1211
    at ensure (/Users/jiar/git/tps/yo/app/bower_components/angular/angular.js:1152)
    at module (/Users/jiar/git/tps/yo/app/bower_components/angular/angular.js:1383)
    at /Users/jiar/git/tps/yo/app/bower_components/angular/angular.js:2904
</failure>
      <failure type="">TypeError: &apos;undefined&apos; is not an object (evaluating &apos;scope.awesomeThings&apos;)
    at /Users/jiar/git/tps/yo/test/spec/controllers/DashboardProjects.js:20
</failure>
    </testcase>
    <testcase name="should attach a list of awesomeThings to the scope" time="0.001" classname="PhantomJS 1.9 (Mac).Controller: DashboardTimeEntriesCtrl">
      <failure type="">Error: No module: tokenauth
    at /Users/jiar/git/tps/yo/app/bower_components/angular/angular.js:1211
    at ensure (/Users/jiar/git/tps/yo/app/bower_components/angular/angular.js:1152)
    at module (/Users/jiar/git/tps/yo/app/bower_components/angular/angular.js:1383)
    at /Users/jiar/git/tps/yo/app/bower_components/angular/angular.js:2904
</failure>
      <failure type="">TypeError: &apos;undefined&apos; is not an object (evaluating &apos;scope.awesomeThings&apos;)
    at /Users/jiar/git/tps/yo/test/spec/controllers/DashboardTimeEntries.js:20
</failure>
    </testcase>
    <testcase name="should attach a list of projects to the scope" time="0" classname="PhantomJS 1.9 (Mac).Controller: DashboardCtrl">
      <failure type="">Error: No module: tokenauth
    at /Users/jiar/git/tps/yo/app/bower_components/angular/angular.js:1211
    at ensure (/Users/jiar/git/tps/yo/app/bower_components/angular/angular.js:1152)
    at module (/Users/jiar/git/tps/yo/app/bower_components/angular/angular.js:1383)
    at /Users/jiar/git/tps/yo/app/bower_components/angular/angular.js:2904
</failure>
      <failure type="">TypeError: &apos;undefined&apos; is not an object (evaluating &apos;scope.projecs&apos;)
    at /Users/jiar/git/tps/yo/test/spec/controllers/dashboard.js:31
</failure>
    </testcase>
    <testcase name="should attach a list of awesomeThings to the scope" time="0.001" classname="PhantomJS 1.9 (Mac).Controller: LoginCtrl">
      <failure type="">Error: No module: tokenauth
    at /Users/jiar/git/tps/yo/app/bower_components/angular/angular.js:1211
    at ensure (/Users/jiar/git/tps/yo/app/bower_components/angular/angular.js:1152)
    at module (/Users/jiar/git/tps/yo/app/bower_components/angular/angular.js:1383)
    at /Users/jiar/git/tps/yo/app/bower_components/angular/angular.js:2904
</failure>
      <failure type="">TypeError: &apos;undefined&apos; is not an object (evaluating &apos;scope.awesomeThings&apos;)
    at /Users/jiar/git/tps/yo/test/spec/controllers/login.js:20
</failure>
    </testcase>
    <testcase name="should make hidden element visible" time="0.001" classname="PhantomJS 1.9 (Mac).Directive: ensureUserNameUnique">
      <failure type="">Error: No module: tokenauth
    at /Users/jiar/git/tps/yo/app/bower_components/angular/angular.js:1211
    at ensure (/Users/jiar/git/tps/yo/app/bower_components/angular/angular.js:1152)
    at module (/Users/jiar/git/tps/yo/app/bower_components/angular/angular.js:1383)
    at /Users/jiar/git/tps/yo/app/bower_components/angular/angular.js:2904
</failure>
      <failure type="">Error: No module: tokenauth
    at /Users/jiar/git/tps/yo/app/bower_components/angular/angular.js:1211
    at ensure (/Users/jiar/git/tps/yo/app/bower_components/angular/angular.js:1152)
    at module (/Users/jiar/git/tps/yo/app/bower_components/angular/angular.js:1383)
    at /Users/jiar/git/tps/yo/app/bower_components/angular/angular.js:2904
</failure>
    </testcase>
    <testcase name="should do something" time="0.001" classname="PhantomJS 1.9 (Mac).Service: LoginService">
      <failure type="">Error: No module: tokenauth
    at /Users/jiar/git/tps/yo/app/bower_components/angular/angular.js:1211
    at ensure (/Users/jiar/git/tps/yo/app/bower_components/angular/angular.js:1152)
    at module (/Users/jiar/git/tps/yo/app/bower_components/angular/angular.js:1383)
    at /Users/jiar/git/tps/yo/app/bower_components/angular/angular.js:2904
</failure>
      <failure type="">Expected false to be true.
</failure>
    </testcase>
    <testcase name="should do something" time="0" classname="PhantomJS 1.9 (Mac).Service: timeEntryService">
      <failure type="">Error: No module: tokenauth
    at /Users/jiar/git/tps/yo/app/bower_components/angular/angular.js:1211
    at ensure (/Users/jiar/git/tps/yo/app/bower_components/angular/angular.js:1152)
    at module (/Users/jiar/git/tps/yo/app/bower_components/angular/angular.js:1383)
    at /Users/jiar/git/tps/yo/app/bower_components/angular/angular.js:2904
</failure>
      <failure type="">Expected false to be true.
</failure>
    </testcase>
    <system-out><![CDATA[
]]></system-out>
    <system-err/>
  </testsuite>
</testsuites>
